<?xml version="1.0" encoding="UTF-8"?>
<!-- Generated by org.testng.reporters.JUnitXMLReporter -->
<testsuite hostname="Neha-PC" failures="0" tests="3" name="ViewInformationTest" time="361.335" errors="0" timestamp="2 Jun 2020 19:04:17 GMT">
  <testcase classname="org.iit.mmp.patientmodule.tests.ViewInformationTest" name="validateviewInforamtion" time="19.145"/>
  <testcase classname="org.iit.mmp.patientmodule.tests.ScheduleAppointmentTest" name="validateAppointmentDetails" time="107.542"/>
  <testcase classname="org.iit.mmp.patientmodule.tests.PayFeeTest" name="validate" time="137.764"/>
</testsuite> <!-- ViewInformationTest -->
