<?xml version="1.0" encoding="UTF-8"?>
<testng-results total="1" passed="0" failed="1" skipped="0">
  <reporter-output>
  </reporter-output>
  <suite started-at="2020-05-31T19:04:34Z" name="Default suite" finished-at="2020-05-31T19:06:23Z" duration-ms="108823">
    <groups>
      <group name="regression">
        <method signature="PayFeeTest.validate()[pri:0, instance:org.iit.adminmodule.tests.PayFeeTest@4466af20]" name="validate" class="org.iit.adminmodule.tests.PayFeeTest"/>
      </group> <!-- regression -->
      <group name="Adminmodulemodule">
        <method signature="PayFeeTest.validate()[pri:0, instance:org.iit.adminmodule.tests.PayFeeTest@4466af20]" name="validate" class="org.iit.adminmodule.tests.PayFeeTest"/>
      </group> <!-- Adminmodulemodule -->
      <group name="US_001">
        <method signature="PayFeeTest.validate()[pri:0, instance:org.iit.adminmodule.tests.PayFeeTest@4466af20]" name="validate" class="org.iit.adminmodule.tests.PayFeeTest"/>
      </group> <!-- US_001 -->
      <group name="sanity">
        <method signature="PayFeeTest.validate()[pri:0, instance:org.iit.adminmodule.tests.PayFeeTest@4466af20]" name="validate" class="org.iit.adminmodule.tests.PayFeeTest"/>
      </group> <!-- sanity -->
    </groups>
    <test started-at="2020-05-31T19:04:34Z" name="Default test" finished-at="2020-05-31T19:06:23Z" duration-ms="108823">
      <class name="org.iit.adminmodule.tests.PayFeeTest">
        <test-method is-config="true" signature="instantiateDriver()[pri:0, instance:org.iit.adminmodule.tests.PayFeeTest@4466af20]" started-at="2020-05-31T15:04:34Z" name="instantiateDriver" finished-at="2020-05-31T15:04:44Z" duration-ms="9578" status="PASS">
          <reporter-output>
          </reporter-output>
        </test-method> <!-- instantiateDriver -->
        <test-method signature="validate()[pri:0, instance:org.iit.adminmodule.tests.PayFeeTest@4466af20]" started-at="2020-05-31T15:04:44Z" name="validate" description="US_006 Pay Fees" finished-at="2020-05-31T15:06:23Z" duration-ms="99227" status="FAIL">
          <exception class="org.openqa.selenium.support.ui.UnexpectedTagNameException">
            <message>
              <![CDATA[Element should have been "select" but was "option"
Build info: version: '3.141.59', revision: 'e82be7d358', time: '2018-11-14T08:17:03'
System info: host: 'NEHA-PC', ip: '192.168.154.1', os.name: 'Windows 10', os.arch: 'amd64', os.version: '10.0', java.version: '9.0.4'
Driver info: driver.version: unknown]]>
            </message>
            <full-stacktrace>
              <![CDATA[org.openqa.selenium.support.ui.UnexpectedTagNameException: Element should have been "select" but was "option"
Build info: version: '3.141.59', revision: 'e82be7d358', time: '2018-11-14T08:17:03'
System info: host: 'NEHA-PC', ip: '192.168.154.1', os.name: 'Windows 10', os.arch: 'amd64', os.version: '10.0', java.version: '9.0.4'
Driver info: driver.version: unknown
	at org.openqa.selenium.support.ui.Select.<init>(Select.java:48)
	at org.iit.mmp.patientmodule.pages.PayFeesPage.CardDetails(PayFeesPage.java:68)
	at org.iit.adminmodule.tests.PayFeeTest.validate(PayFeeTest.java:94)
	at java.base/jdk.internal.reflect.NativeMethodAccessorImpl.invoke0(Native Method)
	at java.base/jdk.internal.reflect.NativeMethodAccessorImpl.invoke(Unknown Source)
	at java.base/jdk.internal.reflect.DelegatingMethodAccessorImpl.invoke(Unknown Source)
	at java.base/java.lang.reflect.Method.invoke(Unknown Source)
	at org.testng.internal.MethodInvocationHelper.invokeMethod(MethodInvocationHelper.java:86)
	at org.testng.internal.Invoker.invokeMethod(Invoker.java:645)
	at org.testng.internal.Invoker.invokeTestMethod(Invoker.java:822)
	at org.testng.internal.Invoker.invokeTestMethods(Invoker.java:1130)
	at org.testng.internal.TestMethodWorker.invokeTestMethods(TestMethodWorker.java:129)
	at org.testng.internal.TestMethodWorker.run(TestMethodWorker.java:112)
	at org.testng.TestRunner.privateRun(TestRunner.java:782)
	at org.testng.TestRunner.run(TestRunner.java:632)
	at org.testng.SuiteRunner.runTest(SuiteRunner.java:366)
	at org.testng.SuiteRunner.runSequentially(SuiteRunner.java:361)
	at org.testng.SuiteRunner.privateRun(SuiteRunner.java:319)
	at org.testng.SuiteRunner.run(SuiteRunner.java:268)
	at org.testng.SuiteRunnerWorker.runSuite(SuiteRunnerWorker.java:52)
	at org.testng.SuiteRunnerWorker.run(SuiteRunnerWorker.java:86)
	at org.testng.TestNG.runSuitesSequentially(TestNG.java:1244)
	at org.testng.TestNG.runSuitesLocally(TestNG.java:1169)
	at org.testng.TestNG.run(TestNG.java:1064)
	at org.testng.remote.RemoteTestNG.run(RemoteTestNG.java:113)
	at org.testng.remote.RemoteTestNG.initAndRun(RemoteTestNG.java:206)
	at org.testng.remote.RemoteTestNG.main(RemoteTestNG.java:177)
]]>
            </full-stacktrace>
          </exception> <!-- org.openqa.selenium.support.ui.UnexpectedTagNameException -->
          <reporter-output>
          </reporter-output>
        </test-method> <!-- validate -->
      </class> <!-- org.iit.adminmodule.tests.PayFeeTest -->
    </test> <!-- Default test -->
  </suite> <!-- Default suite -->
</testng-results>
