<?xml version="1.0" encoding="UTF-8"?>
<testng-results total="1" passed="0" failed="1" skipped="0">
  <reporter-output>
  </reporter-output>
  <suite started-at="2020-06-10T13:18:29Z" name="Default suite" finished-at="2020-06-10T13:18:38Z" duration-ms="9021">
    <groups>
      <group name="patientmodule">
        <method signature="RegistrationPatientTests.validateRegistration()[pri:0, instance:org.iit.mmp.patientmodule.tests.RegistrationPatientTests@2e005c4b]" name="validateRegistration" class="org.iit.mmp.patientmodule.tests.RegistrationPatientTests"/>
      </group> <!-- patientmodule -->
      <group name="regression">
        <method signature="RegistrationPatientTests.validateRegistration()[pri:0, instance:org.iit.mmp.patientmodule.tests.RegistrationPatientTests@2e005c4b]" name="validateRegistration" class="org.iit.mmp.patientmodule.tests.RegistrationPatientTests"/>
      </group> <!-- regression -->
      <group name="US_001">
        <method signature="RegistrationPatientTests.validateRegistration()[pri:0, instance:org.iit.mmp.patientmodule.tests.RegistrationPatientTests@2e005c4b]" name="validateRegistration" class="org.iit.mmp.patientmodule.tests.RegistrationPatientTests"/>
      </group> <!-- US_001 -->
      <group name="sanity">
        <method signature="RegistrationPatientTests.validateRegistration()[pri:0, instance:org.iit.mmp.patientmodule.tests.RegistrationPatientTests@2e005c4b]" name="validateRegistration" class="org.iit.mmp.patientmodule.tests.RegistrationPatientTests"/>
      </group> <!-- sanity -->
    </groups>
    <test started-at="2020-06-10T13:18:29Z" name="Default test" finished-at="2020-06-10T13:18:38Z" duration-ms="9021">
      <class name="org.iit.mmp.patientmodule.tests.RegistrationPatientTests">
        <test-method is-config="true" signature="instantiateDriver()[pri:0, instance:org.iit.mmp.patientmodule.tests.RegistrationPatientTests@2e005c4b]" started-at="2020-06-10T09:18:29Z" name="instantiateDriver" finished-at="2020-06-10T09:18:35Z" duration-ms="5990" status="PASS">
          <reporter-output>
          </reporter-output>
        </test-method> <!-- instantiateDriver -->
        <test-method signature="validateRegistration()[pri:0, instance:org.iit.mmp.patientmodule.tests.RegistrationPatientTests@2e005c4b]" started-at="2020-06-10T09:18:35Z" name="validateRegistration" description="US_001 Registration of the Page" finished-at="2020-06-10T09:18:38Z" duration-ms="3015" status="FAIL">
          <exception class="java.lang.NullPointerException">
            <full-stacktrace>
              <![CDATA[java.lang.NullPointerException
	at org.iit.mmp.helper.Helperclass.launchApplicationURL(Helperclass.java:40)
	at org.iit.mmp.patientmodule.tests.RegistrationPatientTests.validateRegistration(RegistrationPatientTests.java:44)
	at java.base/jdk.internal.reflect.NativeMethodAccessorImpl.invoke0(Native Method)
	at java.base/jdk.internal.reflect.NativeMethodAccessorImpl.invoke(Unknown Source)
	at java.base/jdk.internal.reflect.DelegatingMethodAccessorImpl.invoke(Unknown Source)
	at java.base/java.lang.reflect.Method.invoke(Unknown Source)
	at org.testng.internal.MethodInvocationHelper.invokeMethod(MethodInvocationHelper.java:86)
	at org.testng.internal.Invoker.invokeMethod(Invoker.java:645)
	at org.testng.internal.Invoker.invokeTestMethod(Invoker.java:822)
	at org.testng.internal.Invoker.invokeTestMethods(Invoker.java:1130)
	at org.testng.internal.TestMethodWorker.invokeTestMethods(TestMethodWorker.java:129)
	at org.testng.internal.TestMethodWorker.run(TestMethodWorker.java:112)
	at org.testng.TestRunner.privateRun(TestRunner.java:782)
	at org.testng.TestRunner.run(TestRunner.java:632)
	at org.testng.SuiteRunner.runTest(SuiteRunner.java:366)
	at org.testng.SuiteRunner.runSequentially(SuiteRunner.java:361)
	at org.testng.SuiteRunner.privateRun(SuiteRunner.java:319)
	at org.testng.SuiteRunner.run(SuiteRunner.java:268)
	at org.testng.SuiteRunnerWorker.runSuite(SuiteRunnerWorker.java:52)
	at org.testng.SuiteRunnerWorker.run(SuiteRunnerWorker.java:86)
	at org.testng.TestNG.runSuitesSequentially(TestNG.java:1244)
	at org.testng.TestNG.runSuitesLocally(TestNG.java:1169)
	at org.testng.TestNG.run(TestNG.java:1064)
	at org.testng.remote.RemoteTestNG.run(RemoteTestNG.java:113)
	at org.testng.remote.RemoteTestNG.initAndRun(RemoteTestNG.java:206)
	at org.testng.remote.RemoteTestNG.main(RemoteTestNG.java:177)
]]>
            </full-stacktrace>
          </exception> <!-- java.lang.NullPointerException -->
          <reporter-output>
          </reporter-output>
        </test-method> <!-- validateRegistration -->
      </class> <!-- org.iit.mmp.patientmodule.tests.RegistrationPatientTests -->
    </test> <!-- Default test -->
  </suite> <!-- Default suite -->
</testng-results>
